Vivado Simulator 2020.2
Time resolution is 1 ps
===============================
frame_num= 1
ftype=FRAME_GOOD
preamble_len= 2
payload size=4
payload[0]=142
payload[1]=133
payload[2]=131
payload[3]=163
eof_len=        10
noise_len=        30
partial_bits         4
===============================
receive frame: frame          1 received with           0 errors
===============================
frame_num= 2
ftype=FRAME_GOOD
preamble_len= 4
payload size=15
payload[0]= 54
payload[1]=185
payload[2]=177
payload[3]=156
payload[4]= 11
payload[5]=186
payload[6]=101
payload[7]= 65
payload[8]=115
payload[9]= 22
payload[10]=222
payload[11]=127
payload[12]=209
payload[13]= 67
payload[14]=192
eof_len=        12
noise_len=        37
partial_bits         2
===============================
receive frame: frame          2 received with           0 errors
===============================
frame_num= 3
ftype=FRAME_GOOD
preamble_len= 2
payload size=8
payload[0]= 34
payload[1]= 51
payload[2]=103
payload[3]=  4
payload[4]=183
payload[5]=214
payload[6]= 64
payload[7]=217
eof_len=         2
noise_len=        38
partial_bits         3
===============================
receive frame: frame          3 received with           0 errors
===============================
frame_num= 4
ftype=FRAME_GOOD
preamble_len= 3
payload size=4
payload[0]=120
payload[1]= 72
payload[2]= 68
payload[3]=150
eof_len=         3
noise_len=        34
partial_bits         5
===============================
receive frame: frame          4 received with           0 errors
===============================
frame_num= 5
ftype=FRAME_GOOD
preamble_len= 3
payload size=19
payload[0]= 77
payload[1]= 79
payload[2]=127
payload[3]=237
payload[4]= 64
payload[5]=117
payload[6]= 89
payload[7]=141
payload[8]=196
payload[9]=217
payload[10]=122
payload[11]=  4
payload[12]= 78
payload[13]=212
payload[14]=145
payload[15]= 18
payload[16]=173
payload[17]= 12
payload[18]= 23
eof_len=         5
noise_len=        34
partial_bits         3
===============================
receive frame: frame          5 received with           0 errors
===============================
frame_num= 6
ftype=FRAME_GOOD
preamble_len= 2
payload size=14
payload[0]=205
payload[1]=149
payload[2]= 33
payload[3]=129
payload[4]=186
payload[5]=169
payload[6]= 22
payload[7]=135
payload[8]= 63
payload[9]= 55
payload[10]=  8
payload[11]=249
payload[12]=225
payload[13]= 30
eof_len=         5
noise_len=        30
partial_bits         1
===============================
receive frame: frame          6 received with           0 errors
===============================
frame_num= 7
ftype=FRAME_GOOD
preamble_len= 2
payload size=4
payload[0]=253
payload[1]= 33
payload[2]=112
payload[3]= 52
eof_len=         5
noise_len=        34
partial_bits         4
===============================
receive frame: frame          7 received with           0 errors
===============================
frame_num= 8
ftype=FRAME_GOOD
preamble_len= 2
payload size=9
payload[0]=132
payload[1]=184
payload[2]= 46
payload[3]=127
payload[4]=178
payload[5]= 33
payload[6]=131
payload[7]= 54
payload[8]=218
eof_len=        10
noise_len=        33
partial_bits         4
===============================
receive frame: frame          8 received with           0 errors
===============================
frame_num= 9
ftype=FRAME_GOOD
preamble_len= 3
payload size=16
payload[0]= 57
payload[1]=191
payload[2]=178
payload[3]=252
payload[4]=108
payload[5]=157
payload[6]=116
payload[7]=166
payload[8]= 92
payload[9]= 38
payload[10]=162
payload[11]=201
payload[12]=196
payload[13]= 22
payload[14]=111
payload[15]= 32
eof_len=         9
noise_len=        37
partial_bits         1
===============================
receive frame: frame          9 received with           0 errors
===============================
frame_num=10
ftype=FRAME_GOOD
preamble_len= 4
payload size=6
payload[0]= 11
payload[1]=101
payload[2]=145
payload[3]= 99
payload[4]=135
payload[5]=245
eof_len=         5
noise_len=        37
partial_bits         1
===============================
receive frame: frame         10 received with           0 errors
===============================
frame_num=11
ftype=FRAME_GOOD
preamble_len= 2
payload size=5
payload[0]=174
payload[1]= 32
payload[2]=105
payload[3]=144
payload[4]=116
eof_len=         8
noise_len=        37
partial_bits         1
===============================
receive frame: frame         11 received with           0 errors
===============================
frame_num=12
ftype=FRAME_GOOD
preamble_len= 4
payload size=15
payload[0]=227
payload[1]=230
payload[2]= 37
payload[3]=150
payload[4]=167
payload[5]=191
payload[6]= 77
payload[7]=138
payload[8]=166
payload[9]=115
payload[10]= 32
payload[11]= 77
payload[12]= 50
payload[13]=109
payload[14]=215
eof_len=        16
noise_len=        40
partial_bits         2
===============================
receive_byte: cardet=0
check_receive_frame: t=            33927566 premature end of frame         12 at byte           5
===============================
frame_num=13
ftype=FRAME_GOOD
preamble_len= 4
payload size=16
payload[0]=243
payload[1]= 17
payload[2]= 88
payload[3]= 88
payload[4]= 13
payload[5]= 67
payload[6]=157
payload[7]=  1
payload[8]= 84
payload[9]=245
payload[10]= 89
payload[11]= 98
payload[12]= 56
payload[13]=246
payload[14]= 99
payload[15]=141
eof_len=        15
noise_len=        31
partial_bits         6
===============================
receive frame: frame         13 received with           0 errors
===============================
frame_num=14
ftype=FRAME_GOOD
preamble_len= 3
payload size=19
payload[0]=159
payload[1]=192
payload[2]=192
payload[3]=241
payload[4]=113
payload[5]= 93
payload[6]=255
payload[7]= 16
payload[8]= 29
payload[9]=191
payload[10]=  2
payload[11]=142
payload[12]= 28
payload[13]=  1
payload[14]=159
payload[15]= 58
payload[16]=193
payload[17]=161
payload[18]=200
eof_len=        14
noise_len=        31
partial_bits         2
===============================
receive frame: frame         14 received with           0 errors
===============================
frame_num=15
ftype=FRAME_GOOD
preamble_len= 3
payload size=18
payload[0]= 71
payload[1]= 88
payload[2]= 14
payload[3]= 80
payload[4]= 56
payload[5]= 79
payload[6]=251
payload[7]=128
payload[8]=168
payload[9]=  9
payload[10]=208
payload[11]=224
payload[12]= 89
payload[13]=203
payload[14]= 96
payload[15]=  1
payload[16]=212
payload[17]= 48
eof_len=         3
noise_len=        30
partial_bits         6
===============================
receive frame: frame         15 received with           0 errors
===============================
frame_num=16
ftype=FRAME_GOOD
preamble_len= 4
payload size=17
payload[0]=110
payload[1]= 82
payload[2]= 44
payload[3]= 62
payload[4]=196
payload[5]= 60
payload[6]= 59
payload[7]= 50
payload[8]=142
payload[9]=103
payload[10]=112
payload[11]= 82
payload[12]=163
payload[13]=172
payload[14]=133
payload[15]= 49
payload[16]= 19
eof_len=         9
noise_len=        34
partial_bits         3
===============================
receive frame: frame         16 received with           0 errors
===============================
frame_num=17
ftype=FRAME_GOOD
preamble_len= 4
payload size=9
payload[0]=108
payload[1]=160
payload[2]=117
payload[3]= 84
payload[4]= 85
payload[5]=116
payload[6]=193
payload[7]=193
payload[8]= 20
eof_len=         5
noise_len=        38
partial_bits         4
===============================
receive frame: frame         17 received with           0 errors
===============================
frame_num=18
ftype=FRAME_GOOD
preamble_len= 3
payload size=18
payload[0]= 39
payload[1]=183
payload[2]= 22
payload[3]= 81
payload[4]=118
payload[5]= 35
payload[6]=145
payload[7]=157
payload[8]=218
payload[9]=167
payload[10]=239
payload[11]= 80
payload[12]=202
payload[13]=128
payload[14]=238
payload[15]=164
payload[16]= 39
payload[17]=221
eof_len=        14
noise_len=        33
partial_bits         4
===============================
receive frame: frame         18 received with           0 errors
===============================
frame_num=19
ftype=FRAME_GOOD
preamble_len= 3
payload size=9
payload[0]= 29
payload[1]=109
payload[2]= 10
payload[3]=161
payload[4]= 45
payload[5]=149
payload[6]= 22
payload[7]= 74
payload[8]=  2
eof_len=        14
noise_len=        32
partial_bits         2
===============================
receive frame: frame         19 received with           0 errors
===============================
frame_num=20
ftype=FRAME_GOOD
preamble_len= 3
payload size=14
payload[0]=232
payload[1]=215
payload[2]=103
payload[3]= 98
payload[4]=143
payload[5]=137
payload[6]=200
payload[7]=119
payload[8]= 97
payload[9]= 48
payload[10]=218
payload[11]=240
payload[12]=185
payload[13]=162
eof_len=        15
noise_len=        30
partial_bits         3
===============================
receive frame: frame         20 received with           0 errors
Testbench FAILED with           1 errors
$stop called at time : 68480016 ns : File "C:/Users/irwin/Desktop/ece416_irwin_adam_mithil/Lab05_Constrained_Random_Simulation/Lab05_Constrained_Random_Simulation.srcs/sources_1/new/mr_random_tb.sv" Line 284
===============================
frame_num= 1
ftype=FRAME_GOOD
preamble_len= 2
payload size=4
payload[0]=142
payload[1]=133
payload[2]=131
payload[3]=163
eof_len=        10
noise_len=        30
partial_bits         4
===============================
receive frame: frame          1 received with           0 errors
===============================
frame_num= 2
ftype=FRAME_GOOD
preamble_len= 4
payload size=15
payload[0]= 54
payload[1]=185
payload[2]=177
payload[3]=156
payload[4]= 11
payload[5]=186
payload[6]=101
payload[7]= 65
payload[8]=115
payload[9]= 22
payload[10]=222
payload[11]=127
payload[12]=209
payload[13]= 67
payload[14]=192
eof_len=        12
noise_len=        37
partial_bits         2
===============================
receive frame: frame          2 received with           0 errors
===============================
frame_num= 3
ftype=FRAME_GOOD
preamble_len= 2
payload size=8
payload[0]= 34
payload[1]= 51
payload[2]=103
payload[3]=  4
payload[4]=183
payload[5]=214
payload[6]= 64
payload[7]=217
eof_len=         2
noise_len=        38
partial_bits         3
===============================
receive frame: frame          3 received with           0 errors
===============================
frame_num= 4
ftype=FRAME_GOOD
preamble_len= 3
payload size=4
payload[0]=120
payload[1]= 72
payload[2]= 68
payload[3]=150
eof_len=         3
noise_len=        34
partial_bits         5
===============================
receive frame: frame          4 received with           0 errors
===============================
frame_num= 5
ftype=FRAME_GOOD
preamble_len= 3
payload size=19
payload[0]= 77
payload[1]= 79
payload[2]=127
payload[3]=237
payload[4]= 64
payload[5]=117
payload[6]= 89
payload[7]=141
payload[8]=196
payload[9]=217
payload[10]=122
payload[11]=  4
payload[12]= 78
payload[13]=212
payload[14]=145
payload[15]= 18
payload[16]=173
payload[17]= 12
payload[18]= 23
eof_len=         5
noise_len=        34
partial_bits         3
===============================
receive frame: frame          5 received with           0 errors
===============================
frame_num= 6
ftype=FRAME_GOOD
preamble_len= 2
payload size=14
payload[0]=205
payload[1]=149
payload[2]= 33
payload[3]=129
payload[4]=186
payload[5]=169
payload[6]= 22
payload[7]=135
payload[8]= 63
payload[9]= 55
payload[10]=  8
payload[11]=249
payload[12]=225
payload[13]= 30
eof_len=         5
noise_len=        30
partial_bits         1
===============================
receive frame: frame          6 received with           0 errors
===============================
frame_num= 7
ftype=FRAME_GOOD
preamble_len= 2
payload size=4
payload[0]=253
payload[1]= 33
payload[2]=112
payload[3]= 52
eof_len=         5
noise_len=        34
partial_bits         4
===============================
receive frame: frame          7 received with           0 errors
===============================
frame_num= 8
ftype=FRAME_GOOD
preamble_len= 2
payload size=9
payload[0]=132
payload[1]=184
payload[2]= 46
payload[3]=127
payload[4]=178
payload[5]= 33
payload[6]=131
payload[7]= 54
payload[8]=218
eof_len=        10
noise_len=        33
partial_bits         4
===============================
receive frame: frame          8 received with           0 errors
===============================
frame_num= 9
ftype=FRAME_GOOD
preamble_len= 3
payload size=16
payload[0]= 57
payload[1]=191
payload[2]=178
payload[3]=252
payload[4]=108
payload[5]=157
payload[6]=116
payload[7]=166
payload[8]= 92
payload[9]= 38
payload[10]=162
payload[11]=201
payload[12]=196
payload[13]= 22
payload[14]=111
payload[15]= 32
eof_len=         9
noise_len=        37
partial_bits         1
===============================
receive frame: frame          9 received with           0 errors
===============================
frame_num=10
ftype=FRAME_GOOD
preamble_len= 4
payload size=6
payload[0]= 11
payload[1]=101
payload[2]=145
payload[3]= 99
payload[4]=135
payload[5]=245
eof_len=         5
noise_len=        37
partial_bits         1
===============================
receive frame: frame         10 received with           0 errors
===============================
frame_num=11
ftype=FRAME_GOOD
preamble_len= 2
payload size=5
payload[0]=174
payload[1]= 32
payload[2]=105
payload[3]=144
payload[4]=116
eof_len=         8
noise_len=        37
partial_bits         1
===============================
receive frame: frame         11 received with           0 errors
===============================
frame_num=12
ftype=FRAME_GOOD
preamble_len= 4
payload size=15
payload[0]=227
payload[1]=230
payload[2]= 37
payload[3]=150
payload[4]=167
payload[5]=191
payload[6]= 77
payload[7]=138
payload[8]=166
payload[9]=115
payload[10]= 32
payload[11]= 77
payload[12]= 50
payload[13]=109
payload[14]=215
eof_len=        16
noise_len=        40
partial_bits         2
===============================
receive_byte: cardet=0
check_receive_frame: t=            33927566 premature end of frame         12 at byte           5
===============================
frame_num=13
ftype=FRAME_GOOD
preamble_len= 4
payload size=16
payload[0]=243
payload[1]= 17
payload[2]= 88
payload[3]= 88
payload[4]= 13
payload[5]= 67
payload[6]=157
payload[7]=  1
payload[8]= 84
payload[9]=245
payload[10]= 89
payload[11]= 98
payload[12]= 56
payload[13]=246
payload[14]= 99
payload[15]=141
eof_len=        15
noise_len=        31
partial_bits         6
===============================
receive frame: frame         13 received with           0 errors
===============================
frame_num=14
ftype=FRAME_GOOD
preamble_len= 3
payload size=19
payload[0]=159
payload[1]=192
payload[2]=192
payload[3]=241
payload[4]=113
payload[5]= 93
payload[6]=255
payload[7]= 16
payload[8]= 29
payload[9]=191
payload[10]=  2
payload[11]=142
payload[12]= 28
payload[13]=  1
payload[14]=159
payload[15]= 58
payload[16]=193
payload[17]=161
payload[18]=200
eof_len=        14
noise_len=        31
partial_bits         2
===============================
receive frame: frame         14 received with           0 errors
===============================
frame_num=15
ftype=FRAME_GOOD
preamble_len= 3
payload size=18
payload[0]= 71
payload[1]= 88
payload[2]= 14
payload[3]= 80
payload[4]= 56
payload[5]= 79
payload[6]=251
payload[7]=128
payload[8]=168
payload[9]=  9
payload[10]=208
payload[11]=224
payload[12]= 89
payload[13]=203
payload[14]= 96
payload[15]=  1
payload[16]=212
payload[17]= 48
eof_len=         3
noise_len=        30
partial_bits         6
===============================
receive frame: frame         15 received with           0 errors
===============================
frame_num=16
ftype=FRAME_GOOD
preamble_len= 4
payload size=17
payload[0]=110
payload[1]= 82
payload[2]= 44
payload[3]= 62
payload[4]=196
payload[5]= 60
payload[6]= 59
payload[7]= 50
payload[8]=142
payload[9]=103
payload[10]=112
payload[11]= 82
payload[12]=163
payload[13]=172
payload[14]=133
payload[15]= 49
payload[16]= 19
eof_len=         9
noise_len=        34
partial_bits         3
===============================
receive frame: frame         16 received with           0 errors
===============================
frame_num=17
ftype=FRAME_GOOD
preamble_len= 4
payload size=9
payload[0]=108
payload[1]=160
payload[2]=117
payload[3]= 84
payload[4]= 85
payload[5]=116
payload[6]=193
payload[7]=193
payload[8]= 20
eof_len=         5
noise_len=        38
partial_bits         4
======