INFO: [VRFC 10-2263] Analyzing SystemVerilog file "C:/Users/irwin/Desktop/ece416_irwin_adam_mithil/Lab05_Machester_Reciever/Lab05_Machester_Reciever.srcs/sources_1/new/clk_gen.sv" into library xil_defaultlib
INFO: [VRFC 10-311] analyzing module clk_gen
INFO: [VRFC 10-2263] Analyzing SystemVerilog file "C:/Users/irwin/Desktop/ece416_irwin_adam_mithil/Lab05_Machester_Reciever/Lab05_Machester_Reciever.srcs/sources_1/new/control_fsm.sv" into library xil_defaultlib
INFO: [VRFC 10-311] analyzing module control_fsm
INFO: [VRFC 10-2263] Analyzing SystemVerilog file "C:/Users/irwin/Desktop/ece416_irwin_adam_mithil/Lab05_Machester_Reciever/Lab05_Machester_Reciever.srcs/sources_1/new/correlator.sv" into library xil_defaultlib
INFO: [VRFC 10-311] analyzing module correlator
INFO: [VRFC 10-2263] Analyzing SystemVerilog file "C:/Users/irwin/Desktop/ece416_irwin_adam_mithil/Lab05_Machester_Reciever/Lab05_Machester_Reciever.srcs/sources_1/new/counter.sv" into library xil_defaultlib
INFO: [VRFC 10-311] analyzing module counter
INFO: [VRFC 10-2263] Analyzing SystemVerilog file "C:/Users/irwin/Desktop/ece416_irwin_adam_mithil/Lab05_Machester_Reciever/Lab05_Machester_Reciever.srcs/sources_1/new/datapath.sv" into library xil_defaultlib
INFO: [VRFC 10-311] analyzing module datapath
INFO: [VRFC 10-2263] Analyzing SystemVerilog file "C:/Users/irwin/Desktop/ece416_irwin_adam_mithil/Lab05_Machester_Reciever/Lab05_Machester_Reciever.srcs/sources_1/new/dreg.sv" into library xil_defaultlib
INFO: [VRFC 10-311] analyzing module dreg
INFO: [VRFC 10-2263] Analyzing SystemVerilog file "C:/Users/irwin/Desktop/ece416_irwin_adam_mithil/Lab05_Constrained_Random_Simulation/Lab05_Constrained_Random_Simulation.srcs/sources_1/new/mr_random_tb.sv" into library xil_defaultlib
INFO: [VRFC 10-311] analyzing module mr_random_tb
INFO: [VRFC 10-2263] Analyzing SystemVerilog file "C:/Users/irwin/Desktop/ece416_irwin_adam_mithil/Lab05_Machester_Reciever/Lab05_Machester_Reciever.srcs/sources_1/new/mx_rcvr.sv" into library xil_defaultlib
INFO: [VRFC 10-311] analyzing module mx_rcvr
INFO: [VRFC 10-2263] Analyzing SystemVerilog file "C:/Users/irwin/Desktop/ece416_irwin_adam_mithil/Lab05_Machester_Reciever/Lab05_Machester_Reciever.srcs/sources_1/new/rate_enb.sv" into library xil_defaultlib
INFO: [VRFC 10-311] analyzing module rate_enb
INFO: [VRFC 10-2263] Analyzing SystemVerilog file "C:/Users/irwin/Desktop/ece416_irwin_adam_mithil/Lab05_Machester_Reciever/Lab05_Machester_Reciever.srcs/sources_1/new/sh_reg.sv" into library xil_defaultlib
INFO: [VRFC 10-311] analyzing module sh_reg
INFO: [VRFC 10-2263] Analyzing SystemVerilog file "C:/Users/irwin/Desktop/ece416_irwin_adam_mithil/Lab05_Constrained_Random_Simulation/Lab05_Constrained_Random_Simulation.srcs/sources_1/new/single_pulser.sv" into library xil_defaultlib
INFO: [VRFC 10-311] analyzing module single_pulser
INFO: [VRFC 10-2263] Analyzing SystemVerilog file "C:/Users/irwin/Desktop/ece416_irwin_adam_mithil/Lab05_Constrained_Random_Simulation/Lab05_Constrained_Random_Simulation.srcs/sim_1/new/mr_random_top.sv" into library xil_defaultlib
INFO: [VRFC 10-311] analyzing module mr_random_top
